This is pdfTeX, Version 3.14159265-2.6-1.40.20 (MiKTeX 2.9.7250 64-bit) (preloaded format=pdflatex 2020.1.23)  18 JUL 2020 20:11
entering extended mode
**./doc.tex
(doc.tex
LaTeX2e <2019-10-01> patch level 3
("C:\Programs\MiKTeX 2.9\tex/latex/base\article.cls"
Document Class: article 2019/10/25 v1.4k Standard LaTeX document class
("C:\Programs\MiKTeX 2.9\tex/latex/base\size12.clo"
File: size12.clo 2019/10/25 v1.4k Standard LaTeX file (size option)
)
\c@part=\count80
\c@section=\count81
\c@subsection=\count82
\c@subsubsection=\count83
\c@paragraph=\count84
\c@subparagraph=\count85
\c@figure=\count86
\c@table=\count87
\abovecaptionskip=\skip41
\belowcaptionskip=\skip42
\bibindent=\dimen102
)
("C:\Programs\MiKTeX 2.9\tex/latex/amsmath\amsmath.sty"
Package: amsmath 2019/11/16 v2.17d AMS math features
\@mathmargin=\skip43

For additional information on amsmath, use the `?' option.
("C:\Programs\MiKTeX 2.9\tex/latex/amsmath\amstext.sty"
Package: amstext 2000/06/29 v2.01 AMS text

("C:\Programs\MiKTeX 2.9\tex/latex/amsmath\amsgen.sty"
File: amsgen.sty 1999/11/30 v2.0 generic functions
\@emptytoks=\toks14
\ex@=\dimen103
))
("C:\Programs\MiKTeX 2.9\tex/latex/amsmath\amsbsy.sty"
Package: amsbsy 1999/11/29 v1.2d Bold Symbols
\pmbraise@=\dimen104
)
("C:\Programs\MiKTeX 2.9\tex/latex/amsmath\amsopn.sty"
Package: amsopn 2016/03/08 v2.02 operator names
)
\inf@bad=\count88
LaTeX Info: Redefining \frac on input line 227.
\uproot@=\count89
\leftroot@=\count90
LaTeX Info: Redefining \overline on input line 389.
\classnum@=\count91
\DOTSCASE@=\count92
LaTeX Info: Redefining \ldots on input line 486.
LaTeX Info: Redefining \dots on input line 489.
LaTeX Info: Redefining \cdots on input line 610.
\Mathstrutbox@=\box27
\strutbox@=\box28
\big@size=\dimen105
LaTeX Font Info:    Redeclaring font encoding OML on input line 733.
LaTeX Font Info:    Redeclaring font encoding OMS on input line 734.
\macc@depth=\count93
\c@MaxMatrixCols=\count94
\dotsspace@=\muskip10
\c@parentequation=\count95
\dspbrk@lvl=\count96
\tag@help=\toks15
\row@=\count97
\column@=\count98
\maxfields@=\count99
\andhelp@=\toks16
\eqnshift@=\dimen106
\alignsep@=\dimen107
\tagshift@=\dimen108
\tagwidth@=\dimen109
\totwidth@=\dimen110
\lineht@=\dimen111
\@envbody=\toks17
\multlinegap=\skip44
\multlinetaggap=\skip45
\mathdisplay@stack=\toks18
LaTeX Info: Redefining \[ on input line 2858.
LaTeX Info: Redefining \] on input line 2859.
)
("C:\Programs\MiKTeX 2.9\tex/latex/psnfss\palatino.sty"
Package: palatino 2005/04/12 PSNFSS-v9.2a (SPQR) 
)
("C:\Programs\MiKTeX 2.9\tex/latex/lipsum\lipsum.sty"
("C:\Programs\MiKTeX 2.9\tex/latex/l3kernel\expl3.sty"
Package: expl3 2020-01-12 L3 programming layer (loader) 

("C:\Programs\MiKTeX 2.9\tex/latex/l3kernel\expl3-code.tex"
Package: expl3 2020-01-12 L3 programming layer (code)
\c_max_int=\count100
\l_tmpa_int=\count101
\l_tmpb_int=\count102
\g_tmpa_int=\count103
\g_tmpb_int=\count104
\l__seq_internal_a_int=\count105
\l__seq_internal_b_int=\count106
\g__kernel_prg_map_int=\count107
\c__ior_term_noprompt_ior=\count108
\c_log_iow=\count109
\l_iow_line_count_int=\count110
\l__iow_line_target_int=\count111
\l__iow_one_indent_int=\count112
\l__iow_indent_int=\count113
\c_zero_dim=\dimen112
\c_max_dim=\dimen113
\l_tmpa_dim=\dimen114
\l_tmpb_dim=\dimen115
\g_tmpa_dim=\dimen116
\g_tmpb_dim=\dimen117
\c_zero_skip=\skip46
\c_max_skip=\skip47
\l_tmpa_skip=\skip48
\l_tmpb_skip=\skip49
\g_tmpa_skip=\skip50
\g_tmpb_skip=\skip51
\c_zero_muskip=\muskip11
\c_max_muskip=\muskip12
\l_tmpa_muskip=\muskip13
\l_tmpb_muskip=\muskip14
\g_tmpa_muskip=\muskip15
\g_tmpb_muskip=\muskip16
\l_keys_choice_int=\count114
\l__intarray_loop_int=\count115
\c__intarray_sp_dim=\dimen118
\g__intarray_font_int=\count116
\c__fp_leading_shift_int=\count117
\c__fp_middle_shift_int=\count118
\c__fp_trailing_shift_int=\count119
\c__fp_big_leading_shift_int=\count120
\c__fp_big_middle_shift_int=\count121
\c__fp_big_trailing_shift_int=\count122
\c__fp_Bigg_leading_shift_int=\count123
\c__fp_Bigg_middle_shift_int=\count124
\c__fp_Bigg_trailing_shift_int=\count125
\c__kernel_randint_max_int=\count126
\g__fp_array_int=\count127
\l__fp_array_loop_int=\count128
\l__sort_length_int=\count129
\l__sort_min_int=\count130
\l__sort_top_int=\count131
\l__sort_max_int=\count132
\l__sort_true_max_int=\count133
\l__sort_block_int=\count134
\l__sort_begin_int=\count135
\l__sort_end_int=\count136
\l__sort_A_int=\count137
\l__sort_B_int=\count138
\l__sort_C_int=\count139
\l__str_internal_int=\count140
\c__str_replacement_char_int=\count141
\l__tl_analysis_normal_int=\count142
\l__tl_analysis_index_int=\count143
\l__tl_analysis_nesting_int=\count144
\l__tl_analysis_type_int=\count145
\l__regex_internal_a_int=\count146
\l__regex_internal_b_int=\count147
\l__regex_internal_c_int=\count148
\l__regex_balance_int=\count149
\l__regex_group_level_int=\count150
\l__regex_mode_int=\count151
\c__regex_cs_in_class_mode_int=\count152
\c__regex_cs_mode_int=\count153
\l__regex_catcodes_int=\count154
\l__regex_default_catcodes_int=\count155
\c__regex_catcode_D_int=\count156
\c__regex_catcode_S_int=\count157
\c__regex_catcode_L_int=\count158
\c__regex_catcode_O_int=\count159
\c__regex_catcode_A_int=\count160
\c__regex_all_catcodes_int=\count161
\l__regex_show_lines_int=\count162
\l__regex_min_state_int=\count163
\l__regex_max_state_int=\count164
\l__regex_left_state_int=\count165
\l__regex_right_state_int=\count166
\l__regex_capturing_group_int=\count167
\l__regex_min_pos_int=\count168
\l__regex_max_pos_int=\count169
\l__regex_curr_pos_int=\count170
\l__regex_start_pos_int=\count171
\l__regex_success_pos_int=\count172
\l__regex_curr_char_int=\count173
\l__regex_curr_catcode_int=\count174
\l__regex_last_char_int=\count175
\l__regex_case_changed_char_int=\count176
\l__regex_curr_state_int=\count177
\l__regex_step_int=\count178
\l__regex_min_active_int=\count179
\l__regex_max_active_int=\count180
\l__regex_replacement_csnames_int=\count181
\l__regex_match_count_int=\count182
\l__regex_min_submatch_int=\count183
\l__regex_submatch_int=\count184
\l__regex_zeroth_submatch_int=\count185
\g__regex_trace_regex_int=\count186
\c_empty_box=\box29
\l_tmpa_box=\box30
\l_tmpb_box=\box31
\g_tmpa_box=\box32
\g_tmpb_box=\box33
\l__box_top_dim=\dimen119
\l__box_bottom_dim=\dimen120
\l__box_left_dim=\dimen121
\l__box_right_dim=\dimen122
\l__box_top_new_dim=\dimen123
\l__box_bottom_new_dim=\dimen124
\l__box_left_new_dim=\dimen125
\l__box_right_new_dim=\dimen126
\l__box_internal_box=\box34
\l__coffin_internal_box=\box35
\l__coffin_internal_dim=\dimen127
\l__coffin_offset_x_dim=\dimen128
\l__coffin_offset_y_dim=\dimen129
\l__coffin_x_dim=\dimen130
\l__coffin_y_dim=\dimen131
\l__coffin_x_prime_dim=\dimen132
\l__coffin_y_prime_dim=\dimen133
\c_empty_coffin=\box36
\l__coffin_aligned_coffin=\box37
\l__coffin_aligned_internal_coffin=\box38
\l_tmpa_coffin=\box39
\l_tmpb_coffin=\box40
\g_tmpa_coffin=\box41
\g_tmpb_coffin=\box42
\l__coffin_bounding_shift_dim=\dimen134
\l__coffin_left_corner_dim=\dimen135
\l__coffin_right_corner_dim=\dimen136
\l__coffin_bottom_corner_dim=\dimen137
\l__coffin_top_corner_dim=\dimen138
\l__coffin_scaled_total_height_dim=\dimen139
\l__coffin_scaled_width_dim=\dimen140
\c__coffin_empty_coffin=\box43
\l__coffin_display_coffin=\box44
\l__coffin_display_coord_coffin=\box45
\l__coffin_display_pole_coffin=\box46
\l__coffin_display_offset_dim=\dimen141
\l__coffin_display_x_dim=\dimen142
\l__coffin_display_y_dim=\dimen143
\g__char_data_ior=\read1

("C:\Programs\MiKTeX 2.9\tex/latex/l3kernel\l3deprecation.def"
File: l3deprecation.def 2019-04-06 v L3 Deprecated functions
))
("C:\Programs\MiKTeX 2.9\tex/latex/l3backend\l3backend-pdfmode.def"
File: l3backend-pdfmode.def 2019-04-06 L3 backend support: PDF mode
\l__kernel_color_stack_int=\count187
\l__pdf_internal_box=\box47
))
("C:\Programs\MiKTeX 2.9\tex/latex/l3packages/xparse\xparse.sty"
Package: xparse 2020-01-12 L3 Experimental document command parser
\l__xparse_current_arg_int=\count188
\g__xparse_grabber_int=\count189
\l__xparse_m_args_int=\count190
\l__xparse_v_nesting_int=\count191
)
Package: lipsum 2019/01/02 v2.2 150 paragraphs of Lorem Ipsum dummy text

("C:\Programs\MiKTeX 2.9\tex/latex/lipsum\lipsum.ltd.tex"
File: lipsum.ltd.tex 2019/01/02 v2.2 The Lorem ipsum dummy text
))
("C:\Programs\MiKTeX 2.9\tex/latex/mwe\mwe.sty"
Package: mwe 2018/03/30 v0.5 Package to support minimal working examples (MWE)

("C:\Programs\MiKTeX 2.9\tex/latex/graphics\graphicx.sty"
Package: graphicx 2017/06/01 v1.1a Enhanced LaTeX Graphics (DPC,SPQR)

("C:\Programs\MiKTeX 2.9\tex/latex/graphics\keyval.sty"
Package: keyval 2014/10/28 v1.15 key=value parser (DPC)
\KV@toks@=\toks19
)
("C:\Programs\MiKTeX 2.9\tex/latex/graphics\graphics.sty"
Package: graphics 2019/11/01 v1.3d Standard LaTeX Graphics (DPC,SPQR)

("C:\Programs\MiKTeX 2.9\tex/latex/graphics\trig.sty"
Package: trig 2016/01/03 v1.10 sin cos tan (DPC)
)
("C:\Programs\MiKTeX 2.9\tex/latex/graphics-cfg\graphics.cfg"
File: graphics.cfg 2016/06/04 v1.11 sample graphics configuration
)
Package graphics Info: Driver file: pdftex.def on input line 105.

("C:\Programs\MiKTeX 2.9\tex/latex/graphics-def\pdftex.def"
File: pdftex.def 2018/01/08 v1.0l Graphics/color driver for pdftex
))
\Gin@req@height=\dimen144
\Gin@req@width=\dimen145
)
("C:\Programs\MiKTeX 2.9\tex/latex/blindtext\blindtext.sty"
Package: blindtext 2012/01/06 V2.0 blindtext-Package

("C:\Programs\MiKTeX 2.9\tex/latex/tools\xspace.sty"
Package: xspace 2014/10/28 v1.13 Space after command names (DPC,MH)
)
\c@blindtext=\count192
\c@Blindtext=\count193
\c@blind@countparstart=\count194
\blind@countxx=\count195
\blindtext@numBlindtext=\count196
\blind@countyy=\count197
\c@blindlist=\count198
\c@blindlistlevel=\count199
\c@blindlist@level=\count266
\blind@listitem=\count267
\c@blind@listcount=\count268
\c@blind@levelcount=\count269
\blind@mathformula=\count270
\blind@Mathformula=\count271
\c@blind@randomcount=\count272
\c@blind@randommax=\count273
\c@blind@pangramcount=\count274
\c@blind@pangrammax=\count275
))
("C:\Programs\MiKTeX 2.9\tex/latex/tools\tabularx.sty"
Package: tabularx 2016/02/03 v2.11b `tabularx' package (DPC)

("C:\Programs\MiKTeX 2.9\tex/latex/tools\array.sty"
Package: array 2019/08/31 v2.4l Tabular extension package (FMi)
\col@sep=\dimen146
\ar@mcellbox=\box48
\extrarowheight=\dimen147
\NC@list=\toks20
\extratabsurround=\skip52
\backup@length=\skip53
\ar@cellbox=\box49
)
\TX@col@width=\dimen148
\TX@old@table=\dimen149
\TX@old@col=\dimen150
\TX@target=\dimen151
\TX@delta=\dimen152
\TX@cols=\count276
\TX@ftn=\toks21
)
("C:\Programs\MiKTeX 2.9\tex/latex/graphics\color.sty"
Package: color 2016/07/10 v1.1e Standard LaTeX Color (DPC)

("C:\Programs\MiKTeX 2.9\tex/latex/graphics-cfg\color.cfg"
File: color.cfg 2016/01/02 v1.6 sample color configuration
)
Package color Info: Driver file: pdftex.def on input line 147.
)
("C:\Programs\MiKTeX 2.9\tex/latex/amsfonts\amssymb.sty"
Package: amssymb 2013/01/14 v3.01 AMS font symbols

("C:\Programs\MiKTeX 2.9\tex/latex/amsfonts\amsfonts.sty"
Package: amsfonts 2013/01/14 v3.01 Basic AMSFonts support
\symAMSa=\mathgroup4
\symAMSb=\mathgroup5
LaTeX Font Info:    Redeclaring math symbol \hbar on input line 98.
LaTeX Font Info:    Overwriting math alphabet `\mathfrak' in version `bold'
(Font)                  U/euf/m/n --> U/euf/b/n on input line 106.
))
("C:\Programs\MiKTeX 2.9\tex/latex/float\float.sty"
Package: float 2001/11/08 v1.3d Float enhancements (AL)
\c@float@type=\count277
\float@exts=\toks22
\float@box=\box50
\@float@everytoks=\toks23
\@floatcapt=\box51
)
("C:\Programs\MiKTeX 2.9\tex/latex/subfigure\subfigure.sty"
Package: subfigure 2002/07/30 v2.1.4 subfigure package
\subfigtopskip=\skip54
\subfigcapskip=\skip55
\subfigcaptopadj=\dimen153
\subfigbottomskip=\skip56
\subfigcapmargin=\dimen154
\subfiglabelskip=\skip57
\c@subfigure=\count278
\c@lofdepth=\count279
\c@subtable=\count280
\c@lotdepth=\count281

****************************************
* Local config file subfigure.cfg used *
****************************************
("C:\Programs\MiKTeX 2.9\tex/latex/subfigure\subfigure.cfg")
\subfig@top=\skip58
\subfig@bottom=\skip59
)
("C:\Programs\MiKTeX 2.9\tex/latex/apacite\apacite.sty"
Package: apacite 2013/07/21 v6.03 APA citation
\c@BibCnt=\count282
\bibleftmargin=\skip60
\bibindent=\skip61
\bibparsep=\skip62
\bibitemsep=\skip63
\biblabelsep=\skip64
)
("C:\Programs\MiKTeX 2.9\tex/latex/preprint\fullpage.sty"
Package: fullpage 1999/02/23 1.1 (PWD)
\FP@margin=\skip65
)
("C:\Programs\MiKTeX 2.9\tex/latex/tools\bm.sty"
Package: bm 2019/07/24 v1.2d Bold Symbol Support (DPC/FMi)
\symboldoperators=\mathgroup6
\symboldletters=\mathgroup7
\symboldsymbols=\mathgroup8
LaTeX Font Info:    Redeclaring math alphabet \mathbf on input line 141.
LaTeX Info: Redefining \bm on input line 209.
) (doc.aux)
\openout1 = `doc.aux'.

LaTeX Font Info:    Checking defaults for OML/cmm/m/it on input line 19.
LaTeX Font Info:    ... okay on input line 19.
LaTeX Font Info:    Checking defaults for T1/cmr/m/n on input line 19.
LaTeX Font Info:    ... okay on input line 19.
LaTeX Font Info:    Checking defaults for OT1/cmr/m/n on input line 19.
LaTeX Font Info:    ... okay on input line 19.
LaTeX Font Info:    Checking defaults for OMS/cmsy/m/n on input line 19.
LaTeX Font Info:    ... okay on input line 19.
LaTeX Font Info:    Checking defaults for OMX/cmex/m/n on input line 19.
LaTeX Font Info:    ... okay on input line 19.
LaTeX Font Info:    Checking defaults for U/cmr/m/n on input line 19.
LaTeX Font Info:    ... okay on input line 19.
LaTeX Font Info:    Trying to load font information for OT1+ppl on input line 1
9.

("C:\Programs\MiKTeX 2.9\tex/latex/psnfss\ot1ppl.fd"
File: ot1ppl.fd 2001/06/04 font definitions for OT1/ppl.
)
("C:\Programs\MiKTeX 2.9\tex/context/base/mkii\supp-pdf.mkii"
[Loading MPS to PDF converter (version 2006.09.02).]
\scratchcounter=\count283
\scratchdimen=\dimen155
\scratchbox=\box52
\nofMPsegments=\count284
\nofMParguments=\count285
\everyMPshowfont=\toks24
\MPscratchCnt=\count286
\MPscratchDim=\dimen156
\MPnumerator=\count287
\makeMPintoPDFobject=\count288
\everyMPtoPDFconversion=\toks25
) ("C:\Programs\MiKTeX 2.9\tex/latex/epstopdf-pkg\epstopdf-base.sty"
Package: epstopdf-base 2019-12-09 v2.10 Base part for package epstopdf
Package epstopdf-base Info: Redefining graphics rule for `.eps' on input line 4
85.
)
\c@maskedRefs=\count289

("C:\Programs\MiKTeX 2.9\tex/latex/apacite\english.apc"
File: english.apc 2013/07/21 v6.03 apacite language file
LaTeX Info: Redefining \BPBI on input line 129.
LaTeX Info: Redefining \BHBI on input line 130.
)
LaTeX Font Info:    Font shape `OT1/ppl/bx/n' in size <17.28> not available
(Font)              Font shape `OT1/ppl/b/n' tried instead on input line 21.
LaTeX Font Info:    Font shape `OT1/ppl/bx/n' in size <12> not available
(Font)              Font shape `OT1/ppl/b/n' tried instead on input line 24.

Underfull \hbox (badness 10000) in paragraph at lines 23--25

 []

LaTeX Font Info:    Trying to load font information for U+msa on input line 26.

("C:\Programs\MiKTeX 2.9\tex/latex/amsfonts\umsa.fd"
File: umsa.fd 2013/01/14 v3.01 AMS symbols A
)
LaTeX Font Info:    Trying to load font information for U+msb on input line 26.


("C:\Programs\MiKTeX 2.9\tex/latex/amsfonts\umsb.fd"
File: umsb.fd 2013/01/14 v3.01 AMS symbols B
)
Overfull \hbox (2.77945pt too wide) in paragraph at lines 42--45
\OT1/ppl/m/n/12 func-tion as $\OML/cmm/m/it/12 c[][]$\OT1/ppl/m/n/12 , the con-
straints as $\OML/cmm/m/it/12 A[] \OT1/cmr/m/n/12 = \OML/cmm/m/it/12 b$\OT1/ppl
/m/n/12 . In de-tails, here $[] \OT1/cmr/m/n/12 = [\OML/cmm/m/it/12 x[]; []  ; 
x[]; x[]; []  ;$ 
 []


Underfull \hbox (badness 10000) in paragraph at lines 42--45

 []

<city_gray.png, id=1, 652.68843pt x 599.99156pt>
File: city_gray.png Graphic file (type png)
<use city_gray.png>
Package pdftex.def Info: city_gray.png  used on input line 51.
(pdftex.def)             Requested size: 142.25735pt x 142.26144pt.
<city_circle_40.png, id=2, 620.3175pt x 567.62062pt>
File: city_circle_40.png Graphic file (type png)
<use city_circle_40.png>
Package pdftex.def Info: city_circle_40.png  used on input line 56.
(pdftex.def)             Requested size: 142.26302pt x 142.2599pt.
<city_symbol_64.png, id=3, 652.68843pt x 599.99156pt>
File: city_symbol_64.png Graphic file (type png)
<use city_symbol_64.png>
Package pdftex.def Info: city_symbol_64.png  used on input line 61.
(pdftex.def)             Requested size: 142.25735pt x 142.26144pt.
[1

{C:/Users/XHY/AppData/Local/MiKTeX/2.9/pdftex/config/pdftex.map} <./city_gray.p
ng (PNG copy)> <./city_circle_40.png (PNG copy)> <./city_symbol_64.png (PNG cop
y)>]
<mountain_gray.png, id=17, 652.68843pt x 599.99156pt>
File: mountain_gray.png Graphic file (type png)
<use mountain_gray.png>
Package pdftex.def Info: mountain_gray.png  used on input line 72.
(pdftex.def)             Requested size: 142.25735pt x 142.26144pt.
<mountain_circle_40.png, id=18, 620.3175pt x 567.62062pt>
File: mountain_circle_40.png Graphic file (type png)
<use mountain_circle_40.png>
Package pdftex.def Info: mountain_circle_40.png  used on input line 77.
(pdftex.def)             Requested size: 142.26302pt x 142.2599pt.
<mountain_symbol_64.png, id=19, 652.68843pt x 599.99156pt>
File: mountain_symbol_64.png Graphic file (type png)
<use mountain_symbol_64.png>
Package pdftex.def Info: mountain_symbol_64.png  used on input line 82.
(pdftex.def)             Requested size: 142.25735pt x 142.26144pt.
<bluestreet_gray.png, id=20, 652.68843pt x 599.99156pt>
File: bluestreet_gray.png Graphic file (type png)
<use bluestreet_gray.png>
Package pdftex.def Info: bluestreet_gray.png  used on input line 91.
(pdftex.def)             Requested size: 142.25735pt x 142.26144pt.
<bluestreet_circle_40.png, id=21, 620.3175pt x 567.62062pt>
File: bluestreet_circle_40.png Graphic file (type png)
<use bluestreet_circle_40.png>
Package pdftex.def Info: bluestreet_circle_40.png  used on input line 96.
(pdftex.def)             Requested size: 142.26302pt x 142.2599pt.
<bluestreet_symbol_64.png, id=22, 652.68843pt x 599.99156pt>
File: bluestreet_symbol_64.png Graphic file (type png)
<use bluestreet_symbol_64.png>
Package pdftex.def Info: bluestreet_symbol_64.png  used on input line 101.
(pdftex.def)             Requested size: 142.25735pt x 142.26144pt.

Underfull \hbox (badness 10000) in paragraph at lines 115--116

 []


Underfull \hbox (badness 10000) in paragraph at lines 120--122

 []

[2 <./mountain_gray.png (PNG copy)> <./mountain_circle_40.png (PNG copy)> <./mo
untain_symbol_64.png (PNG copy)> <./bluestreet_gray.png (PNG copy)> <./bluestre
et_circle_40.png (PNG copy)> <./bluestreet_symbol_64.png (PNG copy)>]
Underfull \hbox (badness 10000) in paragraph at lines 137--143

 []


Underfull \hbox (badness 10000) in paragraph at lines 156--158

 []


Underfull \hbox (badness 10000) in paragraph at lines 161--163

 []

[3]
Underfull \hbox (badness 10000) in paragraph at lines 183--185

 []

[4]
<city_circle_20.png, id=35, 620.3175pt x 567.62062pt>
File: city_circle_20.png Graphic file (type png)
<use city_circle_20.png>
Package pdftex.def Info: city_circle_20.png  used on input line 192.
(pdftex.def)             Requested size: 142.26302pt x 142.2599pt.
<bluestreet_circle_20.png, id=36, 620.3175pt x 567.62062pt>
File: bluestreet_circle_20.png Graphic file (type png)
<use bluestreet_circle_20.png>
Package pdftex.def Info: bluestreet_circle_20.png  used on input line 197.
(pdftex.def)             Requested size: 142.26302pt x 142.2599pt.
<mountain_circle_20.png, id=37, 620.3175pt x 567.62062pt>
File: mountain_circle_20.png Graphic file (type png)
<use mountain_circle_20.png>
Package pdftex.def Info: mountain_circle_20.png  used on input line 202.
(pdftex.def)             Requested size: 142.26302pt x 142.2599pt.
<city_symbol_32.png, id=38, 652.68843pt x 599.99156pt>
File: city_symbol_32.png Graphic file (type png)
<use city_symbol_32.png>
Package pdftex.def Info: city_symbol_32.png  used on input line 212.
(pdftex.def)             Requested size: 142.25735pt x 142.26144pt.
<bluestreet_symbol_32.png, id=39, 652.68843pt x 599.99156pt>
File: bluestreet_symbol_32.png Graphic file (type png)
<use bluestreet_symbol_32.png>
Package pdftex.def Info: bluestreet_symbol_32.png  used on input line 217.
(pdftex.def)             Requested size: 142.25735pt x 142.26144pt.
<mountain_symbol_32.png, id=40, 652.68843pt x 599.23875pt>
File: mountain_symbol_32.png Graphic file (type png)
<use mountain_symbol_32.png>
Package pdftex.def Info: mountain_symbol_32.png  used on input line 222.
(pdftex.def)             Requested size: 142.25735pt x 142.25667pt.

Underfull \hbox (badness 10000) in paragraph at lines 235--237

 []

<city.png, id=41, 620.3175pt x 567.62062pt>
File: city.png Graphic file (type png)
<use city.png>
Package pdftex.def Info: city.png  used on input line 243.
(pdftex.def)             Requested size: 142.26302pt x 142.2599pt.
<bluestreet.png, id=42, 620.3175pt x 567.62062pt>
File: bluestreet.png Graphic file (type png)
<use bluestreet.png>
Package pdftex.def Info: bluestreet.png  used on input line 248.
(pdftex.def)             Requested size: 142.26302pt x 142.2599pt.
<mountain.png, id=43, 620.3175pt x 567.62062pt>
File: mountain.png Graphic file (type png)
<use mountain.png>
Package pdftex.def Info: mountain.png  used on input line 253.
(pdftex.def)             Requested size: 142.26302pt x 142.2599pt.
[5 <./city_circle_20.png (PNG copy)> <./bluestreet_circle_20.png (PNG copy)> <.
/mountain_circle_20.png (PNG copy)> <./city_symbol_32.png (PNG copy)> <./bluest
reet_symbol_32.png (PNG copy)> <./mountain_symbol_32.png (PNG copy)>]
<city_rgb20.png, id=47, 620.3175pt x 567.62062pt>
File: city_rgb20.png Graphic file (type png)
<use city_rgb20.png>
Package pdftex.def Info: city_rgb20.png  used on input line 262.
(pdftex.def)             Requested size: 142.26302pt x 142.2599pt.
<bluestreet_rgb20.png, id=48, 620.3175pt x 567.62062pt>
File: bluestreet_rgb20.png Graphic file (type png)
<use bluestreet_rgb20.png>
Package pdftex.def Info: bluestreet_rgb20.png  used on input line 267.
(pdftex.def)             Requested size: 142.26302pt x 142.2599pt.
<mountain_rgb20.png, id=49, 620.3175pt x 567.62062pt>
File: mountain_rgb20.png Graphic file (type png)
<use mountain_rgb20.png>
Package pdftex.def Info: mountain_rgb20.png  used on input line 272.
(pdftex.def)             Requested size: 142.26302pt x 142.2599pt.
 [6 <./city.png (PNG copy)> <./bluestreet.png (PNG copy)> <./mountain.png (PNG 
copy)> <./city_rgb20.png (PNG copy)> <./bluestreet_rgb20.png (PNG copy)> <./mou
ntain_rgb20.png (PNG copy)>] (doc.aux) ) 
Here is how much of TeX's memory you used:
 13788 strings out of 492482
 251257 string characters out of 3133281
 440119 words of memory out of 3000000
 18026 multiletter control sequences out of 15000+200000
 546547 words of font info for 65 fonts, out of 3000000 for 9000
 1141 hyphenation exceptions out of 8191
 44i,10n,67p,413b,319s stack positions out of 5000i,500n,10000p,200000b,50000s
{C:/Programs/MiKTeX 2.9/fonts/enc/dvips
/base/8r.enc}<C:/Programs/MiKTeX 2.9/fonts/type1/public/amsfonts/cm/cmbx12.pfb>
<C:/Programs/MiKTeX 2.9/fonts/type1/public/amsfonts/cm/cmex10.pfb><C:/Programs/
MiKTeX 2.9/fonts/type1/public/amsfonts/cm/cmmi12.pfb><C:/Programs/MiKTeX 2.9/fo
nts/type1/public/amsfonts/cm/cmmi8.pfb><C:/Programs/MiKTeX 2.9/fonts/type1/publ
ic/amsfonts/cm/cmr12.pfb><C:/Programs/MiKTeX 2.9/fonts/type1/public/amsfonts/cm
/cmr8.pfb><C:/Programs/MiKTeX 2.9/fonts/type1/public/amsfonts/cm/cmsy10.pfb><C:
/Programs/MiKTeX 2.9/fonts/type1/public/amsfonts/cm/cmsy8.pfb><C:/Programs/MiKT
eX 2.9/fonts/type1/public/amsfonts/symbols/msam10.pfb><C:/Programs/MiKTeX 2.9/f
onts/type1/urw/palatino/uplb8a.pfb><C:/Programs/MiKTeX 2.9/fonts/type1/urw/pala
tino/uplr8a.pfb><C:/Programs/MiKTeX 2.9/fonts/type1/urw/palatino/uplri8a.pfb>
Output written on doc.pdf (6 pages, 5776217 bytes).
PDF statistics:
 91 PDF objects out of 1000 (max. 8388607)
 0 named destinations out of 1000 (max. 500000)
 106 words of extra memory for PDF output out of 10000 (max. 10000000)

